<?xml version="1.0" encoding="UTF-8"?>
<!-- Generated by org.testng.reporters.JUnitReportReporter -->
<testsuite hostname="DESKTOP-1BVN96R" failures="0" tests="1" name="com.learnautomation.testcases.LoginTestorsngeHRM" time="6.951" errors="0" timestamp="11 Aug 2022 08:12:39 GMT" skipped="0">
  <testcase classname="com.learnautomation.testcases.LoginTestorsngeHRM" name="loginAPP" time="6.951"/>
</testsuite> <!-- com.learnautomation.testcases.LoginTestorsngeHRM -->
